<?xml version="1.0" encoding="UTF-8"?>
<Site BuildName="(empty)"
	BuildStamp="20230607-0701-Experimental"
	Name="ubuntu"
	Generator="ctest-3.16.3"
	CompilerName="clang++-12"
	CompilerVersion="12.0.0"
	OSName="Linux"
	Hostname="ubuntu"
	OSRelease="5.15.0-73-generic"
	OSVersion="#80~20.04.1-Ubuntu SMP Wed May 17 14:58:14 UTC 2023"
	OSPlatform="x86_64"
	Is64Bits="1"
	VendorString="GenuineIntel"
	VendorID="Intel Corporation"
	FamilyID="6"
	ModelID="158"
	ProcessorCacheSize="6144"
	NumberOfLogicalCPU="4"
	NumberOfPhysicalCPU="4"
	TotalVirtualMemory="2047"
	TotalPhysicalMemory="7915"
	LogicalProcessorsPerPhysical="1"
	ProcessorClockFrequency="3600"
	>
	<Testing>
		<StartDateTime>Jun 07 06:00 PDT</StartDateTime>
		<StartTestTime>1686142850</StartTestTime>
		<TestList/>
		<EndDateTime>Jun 07 06:00 PDT</EndDateTime>
		<EndTestTime>1686142850</EndTestTime>
		<ElapsedMinutes>0</ElapsedMinutes>
	</Testing>
</Site>
